<?xml version="1.0" encoding="UTF-8"?>
<!-- Generated by org.testng.reporters.JUnitXMLReporter -->
<testsuite ignored="0" hostname="Toshif" failures="0" tests="2" name="Test-Runner-Edge" time="31.118" errors="0" timestamp="2023-09-25T19:07:39 IST">
  <testcase classname="com.Organization.CreateOrganizationTest" name="orgPageCreation" time="14.118"/>
  <testcase classname="com.Organization.CreateOrganizationTest" name="regional" time="0.006"/>
</testsuite> <!-- Test-Runner-Edge -->
