<?xml version="1.0" encoding="UTF-8"?>
<!-- Generated by org.testng.reporters.JUnitXMLReporter -->
<testsuite ignored="0" hostname="Toshif" failures="0" tests="1" name="Test-Runner-1" time="0.04" errors="0" timestamp="2023-09-25T18:08:32 IST">
  <testcase classname="com.demoTest.Sample" name="run" time="0.005"/>
</testsuite> <!-- Test-Runner-1 -->
