<?xml version="1.0" encoding="UTF-8"?>
<!-- Generated by org.testng.reporters.JUnitReportReporter -->
<testsuite hostname="Toshif" failures="0" tests="1" name="com.demoTest.Sample" time="0.005" errors="0" timestamp="2023-09-25T18:09:26 IST" skipped="0">
  <testcase classname="com.demoTest.Sample" name="run" time="0.005"/>
  <system-out/>
</testsuite> <!-- com.demoTest.Sample -->
