<?xml version="1.0" encoding="UTF-8"?>
<!-- Generated by org.testng.reporters.JUnitReportReporter -->
<testsuite hostname="Toshif" failures="0" tests="3" name="com.practise.DataProviderPractise1" time="0.004" errors="0" timestamp="2023-09-26T13:42:50 IST" skipped="0">
  <testcase classname="com.practise.DataProviderPractise1" name="dataprovider1" time="0.004"/>
  <system-out/>
  <testcase classname="com.practise.DataProviderPractise1" name="dataprovider1" time="0.000"/>
  <system-out/>
  <testcase classname="com.practise.DataProviderPractise1" name="dataprovider1" time="0.000"/>
  <system-out/>
</testsuite> <!-- com.practise.DataProviderPractise1 -->
