<?xml version="1.0" encoding="UTF-8"?>
<!-- Generated by org.testng.reporters.JUnitReportReporter -->
<testsuite hostname="Toshif" failures="0" tests="3" name="com.practise.DataProviderPractise" time="0.005" errors="0" timestamp="2023-09-25T22:48:53 IST" skipped="0">
  <testcase classname="com.practise.DataProviderPractise" name="dataProvider" time="0.000"/>
  <system-out/>
  <testcase classname="com.practise.DataProviderPractise" name="dataProvider" time="0.004"/>
  <system-out/>
  <testcase classname="com.practise.DataProviderPractise" name="dataProvider" time="0.001"/>
  <system-out/>
</testsuite> <!-- com.practise.DataProviderPractise -->
